ERROR 2026-01-28 16:00:52,219 views 22 140213408144256 Export error: Cannot resolve keyword 'timestamp' into field. Choices are: action, admin, admin_id, created_at, details, id, ip_address, resource_id, resource_type, user_agent, user_id, user_type
ERROR 2026-01-28 16:00:52,220 log 22 140213408144256 Internal Server Error: /api/auth/admin/export-report/
ERROR 2026-01-28 16:00:54,855 views 21 140213408144256 Export error: Cannot resolve keyword 'timestamp' into field. Choices are: action, admin, admin_id, created_at, details, id, ip_address, resource_id, resource_type, user_agent, user_id, user_type
ERROR 2026-01-28 16:00:54,856 log 21 140213408144256 Internal Server Error: /api/auth/admin/export-report/
ERROR 2026-01-28 16:01:13,252 views 23 140213408144256 Export error: Cannot resolve keyword 'timestamp' into field. Choices are: action, admin, admin_id, created_at, details, id, ip_address, resource_id, resource_type, user_agent, user_id, user_type
ERROR 2026-01-28 16:01:13,253 log 23 140213408144256 Internal Server Error: /api/auth/admin/export-report/
ERROR 2026-01-28 16:04:31,162 views 23 140213408144256 Export error: Cannot resolve keyword 'timestamp' into field. Choices are: action, admin, admin_id, created_at, details, id, ip_address, resource_id, resource_type, user_agent, user_id, user_type
ERROR 2026-01-28 16:04:31,163 log 23 140213408144256 Internal Server Error: /api/auth/admin/export-report/
WARNING 2026-01-28 16:17:23,222 log 22 140323086662528 Not Found: /
WARNING 2026-01-28 16:17:23,417 log 22 140323086662528 Not Found: /favicon.ico
WARNING 2026-01-28 16:17:25,627 log 22 140323086662528 Not Found: /
WARNING 2026-01-28 17:18:41,272 log 22 140209669340032 Not Found: /favicon.ico
WARNING 2026-01-28 17:18:43,793 log 21 140209669340032 Not Found: /favicon.ico
WARNING 2026-01-28 17:20:32,520 log 23 140209669340032 Unauthorized: /api/auth/admin/fraud-logs/
WARNING 2026-01-28 17:20:32,521 log 21 140209669340032 Unauthorized: /api/auth/admin/operators/
WARNING 2026-01-28 17:20:32,527 log 23 140209669340032 Unauthorized: /api/auth/admin/voter-stats-chart/
WARNING 2026-01-28 17:20:33,196 log 738 140209669340032 Unauthorized: /api/auth/admin/stats/
WARNING 2026-01-28 17:21:10,575 log 738 140209669340032 Not Found: /
WARNING 2026-01-28 17:21:14,219 log 23 140209669340032 Not Found: /
WARNING 2026-01-28 17:21:15,379 log 21 140209669340032 Not Found: /
WARNING 2026-01-28 17:21:15,803 log 23 140209669340032 Not Found: /
WARNING 2026-01-28 17:21:16,075 log 23 140209669340032 Not Found: /
WARNING 2026-01-28 17:21:16,402 log 23 140209669340032 Not Found: /
WARNING 2026-01-28 17:21:16,590 log 23 140209669340032 Not Found: /
WARNING 2026-01-28 17:21:16,748 log 23 140209669340032 Not Found: /
WARNING 2026-01-28 17:27:07,604 log 23 139908929194880 Not Found: /favicon.ico
INFO 2026-01-28 17:28:56,586 services 22 139908929194880 Action logged: login by operator under admin 603a04e3-4770-4256-aeb7-184cbeeb404f
WARNING 2026-01-28 17:34:13,361 log 22 140505304013696 Not Found: /
WARNING 2026-01-28 17:34:13,450 log 21 140505304013696 Not Found: /favicon.ico
WARNING 2026-01-28 17:34:17,443 log 21 140505304013696 Not Found: /favicon.ico
INFO 2026-01-28 17:45:44,942 services 21 140454386555776 Action logged: operator_created by admin under admin 603a04e3-4770-4256-aeb7-184cbeeb404f
ERROR 2026-01-28 18:35:31,689 views 22 140192437017472 Export error: HexColor() got an unexpected keyword argument 'alpha'
ERROR 2026-01-28 18:35:31,691 log 22 140192437017472 Internal Server Error: /api/auth/admin/export-report/
ERROR 2026-01-28 18:35:34,334 views 22 140192437017472 Export error: HexColor() got an unexpected keyword argument 'alpha'
ERROR 2026-01-28 18:35:34,335 log 22 140192437017472 Internal Server Error: /api/auth/admin/export-report/
ERROR 2026-01-28 18:35:56,858 views 22 140192437017472 Export error: HexColor() got an unexpected keyword argument 'alpha'
ERROR 2026-01-28 18:35:56,859 log 22 140192437017472 Internal Server Error: /api/auth/admin/export-report/
WARNING 2026-01-28 19:09:55,580 log 23 140484509842304 Bad Request: /api/auth/admin/change-password/
INFO 2026-01-28 19:10:02,127 services 21 140484509842304 Action logged: password_changed by admin under admin 603a04e3-4770-4256-aeb7-184cbeeb404f
WARNING 2026-01-28 19:10:08,518 log 22 140484509842304 Not Found: /api/auth/admin/fraud-logs/b04613b2-f5fb-4f2e-93f1-9754714e044a/
WARNING 2026-01-28 19:10:11,098 log 21 140484509842304 Not Found: /api/auth/admin/fraud-logs/505ec1c6-2051-4d98-a003-d093229cd411/
WARNING 2026-01-28 19:10:23,194 log 23 140484509842304 Not Found: /api/auth/admin/fraud-logs/9efb7d29-2b56-409d-af4a-5dc2526d7e47/
WARNING 2026-01-28 19:10:30,940 log 21 140484509842304 Not Found: /api/auth/admin/fraud-logs/b04613b2-f5fb-4f2e-93f1-9754714e044a/
WARNING 2026-01-28 19:13:36,746 log 23 140484509842304 Not Found: /api/auth/admin/fraud-logs/b04613b2-f5fb-4f2e-93f1-9754714e044a/
ERROR 2026-01-28 19:17:01,899 views 25 140002670541696 Fraud detail error: 'Admin' object has no attribute 'is_superuser'
ERROR 2026-01-28 19:17:01,900 log 25 140002670541696 Internal Server Error: /api/auth/admin/fraud-logs/b04613b2-f5fb-4f2e-93f1-9754714e044a/
ERROR 2026-01-28 19:17:03,810 views 25 140002670541696 Fraud detail error: 'Admin' object has no attribute 'is_superuser'
ERROR 2026-01-28 19:17:03,811 log 25 140002670541696 Internal Server Error: /api/auth/admin/fraud-logs/505ec1c6-2051-4d98-a003-d093229cd411/
ERROR 2026-01-28 19:17:06,335 views 23 140002670541696 Fraud detail error: 'Admin' object has no attribute 'is_superuser'
ERROR 2026-01-28 19:17:06,336 log 23 140002670541696 Internal Server Error: /api/auth/admin/fraud-logs/70a9dddf-1365-4d9b-ae4e-02f140b5b61c/
ERROR 2026-01-28 19:17:08,837 views 25 140002670541696 Fraud detail error: 'Admin' object has no attribute 'is_superuser'
ERROR 2026-01-28 19:17:08,838 log 25 140002670541696 Internal Server Error: /api/auth/admin/fraud-logs/b04613b2-f5fb-4f2e-93f1-9754714e044a/
ERROR 2026-01-28 19:17:16,476 views 24 140002670541696 Fraud detail error: 'Admin' object has no attribute 'is_superuser'
ERROR 2026-01-28 19:17:16,477 log 24 140002670541696 Internal Server Error: /api/auth/admin/fraud-logs/b04613b2-f5fb-4f2e-93f1-9754714e044a/
WARNING 2026-01-28 19:18:22,487 log 23 140002670541696 Not Found: /favicon.ico
ERROR 2026-01-28 19:22:37,396 log 22 139653213162368 Internal Server Error: /api/auth/admin/fraud-logs/b04613b2-f5fb-4f2e-93f1-9754714e044a/
Traceback (most recent call last):
  File "/usr/local/lib/python3.11/site-packages/django/core/handlers/exception.py", line 55, in inner
    response = get_response(request)
               ^^^^^^^^^^^^^^^^^^^^^
  File "/usr/local/lib/python3.11/site-packages/django/core/handlers/base.py", line 197, in _get_response
    response = wrapped_callback(request, *callback_args, **callback_kwargs)
               ^^^^^^^^^^^^^^^^^^^^^^^^^^^^^^^^^^^^^^^^^^^^^^^^^^^^^^^^^^^^
  File "/usr/local/lib/python3.11/site-packages/django/views/decorators/csrf.py", line 56, in wrapper_view
    return view_func(*args, **kwargs)
           ^^^^^^^^^^^^^^^^^^^^^^^^^^
  File "/usr/local/lib/python3.11/site-packages/django/views/generic/base.py", line 104, in view
    return self.dispatch(request, *args, **kwargs)
           ^^^^^^^^^^^^^^^^^^^^^^^^^^^^^^^^^^^^^^^
  File "/usr/local/lib/python3.11/site-packages/rest_framework/views.py", line 509, in dispatch
    response = self.handle_exception(exc)
               ^^^^^^^^^^^^^^^^^^^^^^^^^^
  File "/usr/local/lib/python3.11/site-packages/rest_framework/views.py", line 469, in handle_exception
    self.raise_uncaught_exception(exc)
  File "/usr/local/lib/python3.11/site-packages/rest_framework/views.py", line 480, in raise_uncaught_exception
    raise exc
  File "/usr/local/lib/python3.11/site-packages/rest_framework/views.py", line 506, in dispatch
    response = handler(request, *args, **kwargs)
               ^^^^^^^^^^^^^^^^^^^^^^^^^^^^^^^^^
  File "/usr/local/lib/python3.11/site-packages/rest_framework/decorators.py", line 50, in handler
    return func(*args, **kwargs)
           ^^^^^^^^^^^^^^^^^^^^^
  File "/usr/local/lib/python3.11/site-packages/django/views/decorators/csrf.py", line 56, in wrapper_view
    return view_func(*args, **kwargs)
           ^^^^^^^^^^^^^^^^^^^^^^^^^^
  File "/usr/local/lib/python3.11/site-packages/django/views/generic/base.py", line 104, in view
    return self.dispatch(request, *args, **kwargs)
           ^^^^^^^^^^^^^^^^^^^^^^^^^^^^^^^^^^^^^^^
  File "/usr/local/lib/python3.11/site-packages/rest_framework/views.py", line 492, in dispatch
    request = self.initialize_request(request, *args, **kwargs)
              ^^^^^^^^^^^^^^^^^^^^^^^^^^^^^^^^^^^^^^^^^^^^^^^^^
  File "/usr/local/lib/python3.11/site-packages/rest_framework/views.py", line 391, in initialize_request
    return Request(
           ^^^^^^^^
  File "/usr/local/lib/python3.11/site-packages/rest_framework/request.py", line 154, in __init__
    assert isinstance(request, HttpRequest), (
           ^^^^^^^^^^^^^^^^^^^^^^^^^^^^^^^^
AssertionError: The `request` argument must be an instance of `django.http.HttpRequest`, not `rest_framework.request.Request`.
ERROR 2026-01-28 19:22:48,836 log 23 139653213162368 Internal Server Error: /api/auth/admin/fraud-logs/b04613b2-f5fb-4f2e-93f1-9754714e044a/
Traceback (most recent call last):
  File "/usr/local/lib/python3.11/site-packages/django/core/handlers/exception.py", line 55, in inner
    response = get_response(request)
               ^^^^^^^^^^^^^^^^^^^^^
  File "/usr/local/lib/python3.11/site-packages/django/core/handlers/base.py", line 197, in _get_response
    response = wrapped_callback(request, *callback_args, **callback_kwargs)
               ^^^^^^^^^^^^^^^^^^^^^^^^^^^^^^^^^^^^^^^^^^^^^^^^^^^^^^^^^^^^
  File "/usr/local/lib/python3.11/site-packages/django/views/decorators/csrf.py", line 56, in wrapper_view
    return view_func(*args, **kwargs)
           ^^^^^^^^^^^^^^^^^^^^^^^^^^
  File "/usr/local/lib/python3.11/site-packages/django/views/generic/base.py", line 104, in view
    return self.dispatch(request, *args, **kwargs)
           ^^^^^^^^^^^^^^^^^^^^^^^^^^^^^^^^^^^^^^^
  File "/usr/local/lib/python3.11/site-packages/rest_framework/views.py", line 509, in dispatch
    response = self.handle_exception(exc)
               ^^^^^^^^^^^^^^^^^^^^^^^^^^
  File "/usr/local/lib/python3.11/site-packages/rest_framework/views.py", line 469, in handle_exception
    self.raise_uncaught_exception(exc)
  File "/usr/local/lib/python3.11/site-packages/rest_framework/views.py", line 480, in raise_uncaught_exception
    raise exc
  File "/usr/local/lib/python3.11/site-packages/rest_framework/views.py", line 506, in dispatch
    response = handler(request, *args, **kwargs)
               ^^^^^^^^^^^^^^^^^^^^^^^^^^^^^^^^^
  File "/usr/local/lib/python3.11/site-packages/rest_framework/decorators.py", line 50, in handler
    return func(*args, **kwargs)
           ^^^^^^^^^^^^^^^^^^^^^
  File "/usr/local/lib/python3.11/site-packages/django/views/decorators/csrf.py", line 56, in wrapper_view
    return view_func(*args, **kwargs)
           ^^^^^^^^^^^^^^^^^^^^^^^^^^
  File "/usr/local/lib/python3.11/site-packages/django/views/generic/base.py", line 104, in view
    return self.dispatch(request, *args, **kwargs)
           ^^^^^^^^^^^^^^^^^^^^^^^^^^^^^^^^^^^^^^^
  File "/usr/local/lib/python3.11/site-packages/rest_framework/views.py", line 492, in dispatch
    request = self.initialize_request(request, *args, **kwargs)
              ^^^^^^^^^^^^^^^^^^^^^^^^^^^^^^^^^^^^^^^^^^^^^^^^^
  File "/usr/local/lib/python3.11/site-packages/rest_framework/views.py", line 391, in initialize_request
    return Request(
           ^^^^^^^^
  File "/usr/local/lib/python3.11/site-packages/rest_framework/request.py", line 154, in __init__
    assert isinstance(request, HttpRequest), (
           ^^^^^^^^^^^^^^^^^^^^^^^^^^^^^^^^
AssertionError: The `request` argument must be an instance of `django.http.HttpRequest`, not `rest_framework.request.Request`.
ERROR 2026-01-28 19:26:59,851 log 22 139908417346432 Internal Server Error: /api/auth/admin/fraud-logs/287ca135-f4c1-47e7-8f5e-3686878b5969/
Traceback (most recent call last):
  File "/usr/local/lib/python3.11/site-packages/django/core/handlers/exception.py", line 55, in inner
    response = get_response(request)
               ^^^^^^^^^^^^^^^^^^^^^
  File "/usr/local/lib/python3.11/site-packages/django/core/handlers/base.py", line 197, in _get_response
    response = wrapped_callback(request, *callback_args, **callback_kwargs)
               ^^^^^^^^^^^^^^^^^^^^^^^^^^^^^^^^^^^^^^^^^^^^^^^^^^^^^^^^^^^^
  File "/usr/local/lib/python3.11/site-packages/django/views/decorators/csrf.py", line 56, in wrapper_view
    return view_func(*args, **kwargs)
           ^^^^^^^^^^^^^^^^^^^^^^^^^^
  File "/usr/local/lib/python3.11/site-packages/django/views/generic/base.py", line 104, in view
    return self.dispatch(request, *args, **kwargs)
           ^^^^^^^^^^^^^^^^^^^^^^^^^^^^^^^^^^^^^^^
  File "/usr/local/lib/python3.11/site-packages/rest_framework/views.py", line 509, in dispatch
    response = self.handle_exception(exc)
               ^^^^^^^^^^^^^^^^^^^^^^^^^^
  File "/usr/local/lib/python3.11/site-packages/rest_framework/views.py", line 469, in handle_exception
    self.raise_uncaught_exception(exc)
  File "/usr/local/lib/python3.11/site-packages/rest_framework/views.py", line 480, in raise_uncaught_exception
    raise exc
  File "/usr/local/lib/python3.11/site-packages/rest_framework/views.py", line 506, in dispatch
    response = handler(request, *args, **kwargs)
               ^^^^^^^^^^^^^^^^^^^^^^^^^^^^^^^^^
  File "/usr/local/lib/python3.11/site-packages/rest_framework/decorators.py", line 50, in handler
    return func(*args, **kwargs)
           ^^^^^^^^^^^^^^^^^^^^^
  File "/usr/local/lib/python3.11/site-packages/django/views/decorators/csrf.py", line 56, in wrapper_view
    return view_func(*args, **kwargs)
           ^^^^^^^^^^^^^^^^^^^^^^^^^^
  File "/usr/local/lib/python3.11/site-packages/django/views/generic/base.py", line 104, in view
    return self.dispatch(request, *args, **kwargs)
           ^^^^^^^^^^^^^^^^^^^^^^^^^^^^^^^^^^^^^^^
  File "/usr/local/lib/python3.11/site-packages/rest_framework/views.py", line 492, in dispatch
    request = self.initialize_request(request, *args, **kwargs)
              ^^^^^^^^^^^^^^^^^^^^^^^^^^^^^^^^^^^^^^^^^^^^^^^^^
  File "/usr/local/lib/python3.11/site-packages/rest_framework/views.py", line 391, in initialize_request
    return Request(
           ^^^^^^^^
  File "/usr/local/lib/python3.11/site-packages/rest_framework/request.py", line 154, in __init__
    assert isinstance(request, HttpRequest), (
           ^^^^^^^^^^^^^^^^^^^^^^^^^^^^^^^^
AssertionError: The `request` argument must be an instance of `django.http.HttpRequest`, not `rest_framework.request.Request`.
ERROR 2026-01-28 19:27:04,166 log 22 139908417346432 Internal Server Error: /api/auth/admin/fraud-logs/287ca135-f4c1-47e7-8f5e-3686878b5969/
Traceback (most recent call last):
  File "/usr/local/lib/python3.11/site-packages/django/core/handlers/exception.py", line 55, in inner
    response = get_response(request)
               ^^^^^^^^^^^^^^^^^^^^^
  File "/usr/local/lib/python3.11/site-packages/django/core/handlers/base.py", line 197, in _get_response
    response = wrapped_callback(request, *callback_args, **callback_kwargs)
               ^^^^^^^^^^^^^^^^^^^^^^^^^^^^^^^^^^^^^^^^^^^^^^^^^^^^^^^^^^^^
  File "/usr/local/lib/python3.11/site-packages/django/views/decorators/csrf.py", line 56, in wrapper_view
    return view_func(*args, **kwargs)
           ^^^^^^^^^^^^^^^^^^^^^^^^^^
  File "/usr/local/lib/python3.11/site-packages/django/views/generic/base.py", line 104, in view
    return self.dispatch(request, *args, **kwargs)
           ^^^^^^^^^^^^^^^^^^^^^^^^^^^^^^^^^^^^^^^
  File "/usr/local/lib/python3.11/site-packages/rest_framework/views.py", line 509, in dispatch
    response = self.handle_exception(exc)
               ^^^^^^^^^^^^^^^^^^^^^^^^^^
  File "/usr/local/lib/python3.11/site-packages/rest_framework/views.py", line 469, in handle_exception
    self.raise_uncaught_exception(exc)
  File "/usr/local/lib/python3.11/site-packages/rest_framework/views.py", line 480, in raise_uncaught_exception
    raise exc
  File "/usr/local/lib/python3.11/site-packages/rest_framework/views.py", line 506, in dispatch
    response = handler(request, *args, **kwargs)
               ^^^^^^^^^^^^^^^^^^^^^^^^^^^^^^^^^
  File "/usr/local/lib/python3.11/site-packages/rest_framework/decorators.py", line 50, in handler
    return func(*args, **kwargs)
           ^^^^^^^^^^^^^^^^^^^^^
  File "/usr/local/lib/python3.11/site-packages/django/views/decorators/csrf.py", line 56, in wrapper_view
    return view_func(*args, **kwargs)
           ^^^^^^^^^^^^^^^^^^^^^^^^^^
  File "/usr/local/lib/python3.11/site-packages/django/views/generic/base.py", line 104, in view
    return self.dispatch(request, *args, **kwargs)
           ^^^^^^^^^^^^^^^^^^^^^^^^^^^^^^^^^^^^^^^
  File "/usr/local/lib/python3.11/site-packages/rest_framework/views.py", line 492, in dispatch
    request = self.initialize_request(request, *args, **kwargs)
              ^^^^^^^^^^^^^^^^^^^^^^^^^^^^^^^^^^^^^^^^^^^^^^^^^
  File "/usr/local/lib/python3.11/site-packages/rest_framework/views.py", line 391, in initialize_request
    return Request(
           ^^^^^^^^
  File "/usr/local/lib/python3.11/site-packages/rest_framework/request.py", line 154, in __init__
    assert isinstance(request, HttpRequest), (
           ^^^^^^^^^^^^^^^^^^^^^^^^^^^^^^^^
AssertionError: The `request` argument must be an instance of `django.http.HttpRequest`, not `rest_framework.request.Request`.
ERROR 2026-01-28 19:27:06,247 log 23 139908417346432 Internal Server Error: /api/auth/admin/fraud-logs/1a219041-5c34-4608-ab25-45cce33def5a/
Traceback (most recent call last):
  File "/usr/local/lib/python3.11/site-packages/django/core/handlers/exception.py", line 55, in inner
    response = get_response(request)
               ^^^^^^^^^^^^^^^^^^^^^
  File "/usr/local/lib/python3.11/site-packages/django/core/handlers/base.py", line 197, in _get_response
    response = wrapped_callback(request, *callback_args, **callback_kwargs)
               ^^^^^^^^^^^^^^^^^^^^^^^^^^^^^^^^^^^^^^^^^^^^^^^^^^^^^^^^^^^^
  File "/usr/local/lib/python3.11/site-packages/django/views/decorators/csrf.py", line 56, in wrapper_view
    return view_func(*args, **kwargs)
           ^^^^^^^^^^^^^^^^^^^^^^^^^^
  File "/usr/local/lib/python3.11/site-packages/django/views/generic/base.py", line 104, in view
    return self.dispatch(request, *args, **kwargs)
           ^^^^^^^^^^^^^^^^^^^^^^^^^^^^^^^^^^^^^^^
  File "/usr/local/lib/python3.11/site-packages/rest_framework/views.py", line 509, in dispatch
    response = self.handle_exception(exc)
               ^^^^^^^^^^^^^^^^^^^^^^^^^^
  File "/usr/local/lib/python3.11/site-packages/rest_framework/views.py", line 469, in handle_exception
    self.raise_uncaught_exception(exc)
  File "/usr/local/lib/python3.11/site-packages/rest_framework/views.py", line 480, in raise_uncaught_exception
    raise exc
  File "/usr/local/lib/python3.11/site-packages/rest_framework/views.py", line 506, in dispatch
    response = handler(request, *args, **kwargs)
               ^^^^^^^^^^^^^^^^^^^^^^^^^^^^^^^^^
  File "/usr/local/lib/python3.11/site-packages/rest_framework/decorators.py", line 50, in handler
    return func(*args, **kwargs)
           ^^^^^^^^^^^^^^^^^^^^^
  File "/usr/local/lib/python3.11/site-packages/django/views/decorators/csrf.py", line 56, in wrapper_view
    return view_func(*args, **kwargs)
           ^^^^^^^^^^^^^^^^^^^^^^^^^^
  File "/usr/local/lib/python3.11/site-packages/django/views/generic/base.py", line 104, in view
    return self.dispatch(request, *args, **kwargs)
           ^^^^^^^^^^^^^^^^^^^^^^^^^^^^^^^^^^^^^^^
  File "/usr/local/lib/python3.11/site-packages/rest_framework/views.py", line 492, in dispatch
    request = self.initialize_request(request, *args, **kwargs)
              ^^^^^^^^^^^^^^^^^^^^^^^^^^^^^^^^^^^^^^^^^^^^^^^^^
  File "/usr/local/lib/python3.11/site-packages/rest_framework/views.py", line 391, in initialize_request
    return Request(
           ^^^^^^^^
  File "/usr/local/lib/python3.11/site-packages/rest_framework/request.py", line 154, in __init__
    assert isinstance(request, HttpRequest), (
           ^^^^^^^^^^^^^^^^^^^^^^^^^^^^^^^^
AssertionError: The `request` argument must be an instance of `django.http.HttpRequest`, not `rest_framework.request.Request`.
ERROR 2026-01-28 19:27:07,860 log 23 139908417346432 Internal Server Error: /api/auth/admin/fraud-logs/4e17844f-6d50-45a5-a090-1f5b8a1ceffb/
Traceback (most recent call last):
  File "/usr/local/lib/python3.11/site-packages/django/core/handlers/exception.py", line 55, in inner
    response = get_response(request)
               ^^^^^^^^^^^^^^^^^^^^^
  File "/usr/local/lib/python3.11/site-packages/django/core/handlers/base.py", line 197, in _get_response
    response = wrapped_callback(request, *callback_args, **callback_kwargs)
               ^^^^^^^^^^^^^^^^^^^^^^^^^^^^^^^^^^^^^^^^^^^^^^^^^^^^^^^^^^^^
  File "/usr/local/lib/python3.11/site-packages/django/views/decorators/csrf.py", line 56, in wrapper_view
    return view_func(*args, **kwargs)
           ^^^^^^^^^^^^^^^^^^^^^^^^^^
  File "/usr/local/lib/python3.11/site-packages/django/views/generic/base.py", line 104, in view
    return self.dispatch(request, *args, **kwargs)
           ^^^^^^^^^^^^^^^^^^^^^^^^^^^^^^^^^^^^^^^
  File "/usr/local/lib/python3.11/site-packages/rest_framework/views.py", line 509, in dispatch
    response = self.handle_exception(exc)
               ^^^^^^^^^^^^^^^^^^^^^^^^^^
  File "/usr/local/lib/python3.11/site-packages/rest_framework/views.py", line 469, in handle_exception
    self.raise_uncaught_exception(exc)
  File "/usr/local/lib/python3.11/site-packages/rest_framework/views.py", line 480, in raise_uncaught_exception
    raise exc
  File "/usr/local/lib/python3.11/site-packages/rest_framework/views.py", line 506, in dispatch
    response = handler(request, *args, **kwargs)
               ^^^^^^^^^^^^^^^^^^^^^^^^^^^^^^^^^
  File "/usr/local/lib/python3.11/site-packages/rest_framework/decorators.py", line 50, in handler
    return func(*args, **kwargs)
           ^^^^^^^^^^^^^^^^^^^^^
  File "/usr/local/lib/python3.11/site-packages/django/views/decorators/csrf.py", line 56, in wrapper_view
    return view_func(*args, **kwargs)
           ^^^^^^^^^^^^^^^^^^^^^^^^^^
  File "/usr/local/lib/python3.11/site-packages/django/views/generic/base.py", line 104, in view
    return self.dispatch(request, *args, **kwargs)
           ^^^^^^^^^^^^^^^^^^^^^^^^^^^^^^^^^^^^^^^
  File "/usr/local/lib/python3.11/site-packages/rest_framework/views.py", line 492, in dispatch
    request = self.initialize_request(request, *args, **kwargs)
              ^^^^^^^^^^^^^^^^^^^^^^^^^^^^^^^^^^^^^^^^^^^^^^^^^
  File "/usr/local/lib/python3.11/site-packages/rest_framework/views.py", line 391, in initialize_request
    return Request(
           ^^^^^^^^
  File "/usr/local/lib/python3.11/site-packages/rest_framework/request.py", line 154, in __init__
    assert isinstance(request, HttpRequest), (
           ^^^^^^^^^^^^^^^^^^^^^^^^^^^^^^^^
AssertionError: The `request` argument must be an instance of `django.http.HttpRequest`, not `rest_framework.request.Request`.
ERROR 2026-01-28 19:27:32,911 log 21 139908417346432 Internal Server Error: /api/auth/admin/fraud-logs/b04613b2-f5fb-4f2e-93f1-9754714e044a/
Traceback (most recent call last):
  File "/usr/local/lib/python3.11/site-packages/django/core/handlers/exception.py", line 55, in inner
    response = get_response(request)
               ^^^^^^^^^^^^^^^^^^^^^
  File "/usr/local/lib/python3.11/site-packages/django/core/handlers/base.py", line 197, in _get_response
    response = wrapped_callback(request, *callback_args, **callback_kwargs)
               ^^^^^^^^^^^^^^^^^^^^^^^^^^^^^^^^^^^^^^^^^^^^^^^^^^^^^^^^^^^^
  File "/usr/local/lib/python3.11/site-packages/django/views/decorators/csrf.py", line 56, in wrapper_view
    return view_func(*args, **kwargs)
           ^^^^^^^^^^^^^^^^^^^^^^^^^^
  File "/usr/local/lib/python3.11/site-packages/django/views/generic/base.py", line 104, in view
    return self.dispatch(request, *args, **kwargs)
           ^^^^^^^^^^^^^^^^^^^^^^^^^^^^^^^^^^^^^^^
  File "/usr/local/lib/python3.11/site-packages/rest_framework/views.py", line 509, in dispatch
    response = self.handle_exception(exc)
               ^^^^^^^^^^^^^^^^^^^^^^^^^^
  File "/usr/local/lib/python3.11/site-packages/rest_framework/views.py", line 469, in handle_exception
    self.raise_uncaught_exception(exc)
  File "/usr/local/lib/python3.11/site-packages/rest_framework/views.py", line 480, in raise_uncaught_exception
    raise exc
  File "/usr/local/lib/python3.11/site-packages/rest_framework/views.py", line 506, in dispatch
    response = handler(request, *args, **kwargs)
               ^^^^^^^^^^^^^^^^^^^^^^^^^^^^^^^^^
  File "/usr/local/lib/python3.11/site-packages/rest_framework/decorators.py", line 50, in handler
    return func(*args, **kwargs)
           ^^^^^^^^^^^^^^^^^^^^^
  File "/usr/local/lib/python3.11/site-packages/django/views/decorators/csrf.py", line 56, in wrapper_view
    return view_func(*args, **kwargs)
           ^^^^^^^^^^^^^^^^^^^^^^^^^^
  File "/usr/local/lib/python3.11/site-packages/django/views/generic/base.py", line 104, in view
    return self.dispatch(request, *args, **kwargs)
           ^^^^^^^^^^^^^^^^^^^^^^^^^^^^^^^^^^^^^^^
  File "/usr/local/lib/python3.11/site-packages/rest_framework/views.py", line 492, in dispatch
    request = self.initialize_request(request, *args, **kwargs)
              ^^^^^^^^^^^^^^^^^^^^^^^^^^^^^^^^^^^^^^^^^^^^^^^^^
  File "/usr/local/lib/python3.11/site-packages/rest_framework/views.py", line 391, in initialize_request
    return Request(
           ^^^^^^^^
  File "/usr/local/lib/python3.11/site-packages/rest_framework/request.py", line 154, in __init__
    assert isinstance(request, HttpRequest), (
           ^^^^^^^^^^^^^^^^^^^^^^^^^^^^^^^^
AssertionError: The `request` argument must be an instance of `django.http.HttpRequest`, not `rest_framework.request.Request`.
ERROR 2026-01-28 19:27:58,796 log 22 139908417346432 Internal Server Error: /api/auth/admin/fraud-logs/4e17844f-6d50-45a5-a090-1f5b8a1ceffb/
Traceback (most recent call last):
  File "/usr/local/lib/python3.11/site-packages/django/core/handlers/exception.py", line 55, in inner
    response = get_response(request)
               ^^^^^^^^^^^^^^^^^^^^^
  File "/usr/local/lib/python3.11/site-packages/django/core/handlers/base.py", line 197, in _get_response
    response = wrapped_callback(request, *callback_args, **callback_kwargs)
               ^^^^^^^^^^^^^^^^^^^^^^^^^^^^^^^^^^^^^^^^^^^^^^^^^^^^^^^^^^^^
  File "/usr/local/lib/python3.11/site-packages/django/views/decorators/csrf.py", line 56, in wrapper_view
    return view_func(*args, **kwargs)
           ^^^^^^^^^^^^^^^^^^^^^^^^^^
  File "/usr/local/lib/python3.11/site-packages/django/views/generic/base.py", line 104, in view
    return self.dispatch(request, *args, **kwargs)
           ^^^^^^^^^^^^^^^^^^^^^^^^^^^^^^^^^^^^^^^
  File "/usr/local/lib/python3.11/site-packages/rest_framework/views.py", line 509, in dispatch
    response = self.handle_exception(exc)
               ^^^^^^^^^^^^^^^^^^^^^^^^^^
  File "/usr/local/lib/python3.11/site-packages/rest_framework/views.py", line 469, in handle_exception
    self.raise_uncaught_exception(exc)
  File "/usr/local/lib/python3.11/site-packages/rest_framework/views.py", line 480, in raise_uncaught_exception
    raise exc
  File "/usr/local/lib/python3.11/site-packages/rest_framework/views.py", line 506, in dispatch
    response = handler(request, *args, **kwargs)
               ^^^^^^^^^^^^^^^^^^^^^^^^^^^^^^^^^
  File "/usr/local/lib/python3.11/site-packages/rest_framework/decorators.py", line 50, in handler
    return func(*args, **kwargs)
           ^^^^^^^^^^^^^^^^^^^^^
  File "/usr/local/lib/python3.11/site-packages/django/views/decorators/csrf.py", line 56, in wrapper_view
    return view_func(*args, **kwargs)
           ^^^^^^^^^^^^^^^^^^^^^^^^^^
  File "/usr/local/lib/python3.11/site-packages/django/views/generic/base.py", line 104, in view
    return self.dispatch(request, *args, **kwargs)
           ^^^^^^^^^^^^^^^^^^^^^^^^^^^^^^^^^^^^^^^
  File "/usr/local/lib/python3.11/site-packages/rest_framework/views.py", line 492, in dispatch
    request = self.initialize_request(request, *args, **kwargs)
              ^^^^^^^^^^^^^^^^^^^^^^^^^^^^^^^^^^^^^^^^^^^^^^^^^
  File "/usr/local/lib/python3.11/site-packages/rest_framework/views.py", line 391, in initialize_request
    return Request(
           ^^^^^^^^
  File "/usr/local/lib/python3.11/site-packages/rest_framework/request.py", line 154, in __init__
    assert isinstance(request, HttpRequest), (
           ^^^^^^^^^^^^^^^^^^^^^^^^^^^^^^^^
AssertionError: The `request` argument must be an instance of `django.http.HttpRequest`, not `rest_framework.request.Request`.
WARNING 2026-01-28 19:32:43,166 log 22 140082036849536 Not Found: /favicon.ico
WARNING 2026-01-28 19:34:52,687 log 21 140082036849536 Not Found: /favicon.ico
INFO 2026-01-30 20:01:19,468 services 28 140109500115840 Action logged: profile_updated by admin under admin 188381b3-ca79-4678-acbb-f99239615e84
WARNING 2026-01-30 20:01:33,141 log 29 140109500115840 Bad Request: /api/auth/admin/update-profile/
WARNING 2026-01-31 10:26:21,684 log 22 139813433658240 Unauthorized: /api/auth/current-user/
WARNING 2026-01-31 10:26:21,739 log 21 139813433658240 Unauthorized: /api/auth/current-user/
WARNING 2026-01-31 10:42:01,115 log 23 140201481296768 Unauthorized: /api/auth/current-user/
WARNING 2026-01-31 10:42:01,251 log 21 140201481296768 Unauthorized: /api/auth/current-user/
WARNING 2026-01-31 10:42:01,280 log 23 140201481296768 Unauthorized: /api/auth/current-user/
WARNING 2026-01-31 10:42:01,515 log 22 140201481296768 Unauthorized: /api/auth/current-user/
WARNING 2026-01-31 10:48:14,066 log 61 140226343717760 Not Found: /favicon.ico
WARNING 2026-01-31 10:48:15,446 log 61 140226343717760 Not Found: /favicon.ico
WARNING 2026-01-31 18:29:28,700 log 23 140061960727424 Unauthorized: /api/auth/current-user/
WARNING 2026-01-31 18:29:28,926 log 22 140061960727424 Unauthorized: /api/auth/current-user/
WARNING 2026-01-31 18:29:28,979 log 21 140061960727424 Unauthorized: /api/auth/current-user/
WARNING 2026-01-31 18:29:40,679 log 22 140061960727424 Unauthorized: /api/auth/current-user/
WARNING 2026-01-31 18:29:40,708 log 23 140061960727424 Unauthorized: /api/auth/current-user/
WARNING 2026-01-31 18:31:48,356 views 21 139697669380992 Login failed: Invalid credentials for admin@gmail.com
WARNING 2026-01-31 18:31:48,358 log 21 139697669380992 Unauthorized: /api/auth/admin/login/
WARNING 2026-01-31 18:32:21,260 log 23 139697669380992 Bad Request: /api/auth/admin/login/
WARNING 2026-01-31 18:34:12,460 log 22 139697669380992 Bad Request: /api/auth/admin/change-password/
WARNING 2026-01-31 18:34:14,418 log 23 139697669380992 Bad Request: /api/auth/admin/change-password/
WARNING 2026-01-31 18:34:33,362 log 22 139697669380992 Bad Request: /api/auth/admin/change-password/
WARNING 2026-01-31 18:34:54,232 log 23 139697669380992 Bad Request: /api/auth/admin/change-password/
WARNING 2026-01-31 18:35:35,993 log 23 139697669380992 Bad Request: /api/auth/admin/change-password/
WARNING 2026-01-31 18:36:01,480 log 22 139697669380992 Bad Request: /api/auth/admin/change-password/
WARNING 2026-01-31 18:39:31,697 log 21 140480962845568 Unauthorized: /api/auth/current-user/
WARNING 2026-01-31 18:39:31,754 log 22 140480962845568 Unauthorized: /api/auth/current-user/
WARNING 2026-01-31 18:39:37,980 views 22 140480962845568 Login failed: Invalid credentials for admin@gmail.com
WARNING 2026-01-31 18:39:37,981 log 22 140480962845568 Unauthorized: /api/auth/admin/login/
WARNING 2026-01-31 18:39:39,970 views 21 140480962845568 Login failed: Invalid credentials for admin@gmail.com
WARNING 2026-01-31 18:39:39,971 log 21 140480962845568 Unauthorized: /api/auth/admin/login/
WARNING 2026-01-31 18:39:40,705 views 23 140480962845568 Login failed: Invalid credentials for admin@gmail.com
WARNING 2026-01-31 18:39:40,706 log 23 140480962845568 Unauthorized: /api/auth/admin/login/
WARNING 2026-02-01 13:18:49,163 views 35 139918525827968 Login failed: Invalid credentials for operator@janmat.gov.in
WARNING 2026-02-01 13:18:49,164 log 35 139918525827968 Unauthorized: /api/auth/admin/login/
WARNING 2026-02-01 13:24:58,836 views 22 139988029107072 Login failed: Invalid credentials for superadmin@gmail.com
WARNING 2026-02-01 13:24:58,838 log 22 139988029107072 Unauthorized: /api/auth/admin/login/
WARNING 2026-02-01 13:28:03,571 views 22 139988029107072 Login failed: Invalid credentials for superadmin@gmail.com
WARNING 2026-02-01 13:28:03,572 log 22 139988029107072 Unauthorized: /api/auth/admin/login/
WARNING 2026-02-01 13:33:36,782 log 22 140286312266624 Bad Request: /api/auth/admin/change-password/
INFO 2026-02-01 13:34:11,519 services 21 140286312266624 Action logged: password_changed by admin under admin 32ce6a3b-d11e-4947-a2ac-ec5ca9e0c419
WARNING 2026-02-01 13:34:26,869 log 22 140286312266624 Bad Request: /api/auth/admin/change-password/
WARNING 2026-02-01 13:38:13,258 log 23 140649595792256 Bad Request: /api/auth/admin/change-password/
WARNING 2026-02-01 13:38:31,177 log 23 140649595792256 Bad Request: /api/auth/admin/change-password/
WARNING 2026-02-01 13:38:47,655 log 22 140649595792256 Bad Request: /api/auth/admin/change-password/
WARNING 2026-02-01 13:40:03,613 log 23 140649595792256 Bad Request: /api/auth/admin/update-profile/
WARNING 2026-02-01 13:40:27,362 log 24 140649595792256 Bad Request: /api/auth/admin/update-profile/
WARNING 2026-02-01 13:43:57,267 log 24 140649595792256 Bad Request: /api/auth/admin/create-operator/
INFO 2026-02-01 13:44:07,720 services 22 140649595792256 Action logged: operator_created by admin under admin 32ce6a3b-d11e-4947-a2ac-ec5ca9e0c419
WARNING 2026-02-01 13:48:11,551 log 23 140374031997824 Bad Request: /api/auth/admin/update-profile/
ERROR 2026-02-01 13:48:42,496 log 21 140374031997824 Internal Server Error: /api/auth/admin/change-password/
Traceback (most recent call last):
  File "/usr/local/lib/python3.11/site-packages/django/core/handlers/exception.py", line 55, in inner
    response = get_response(request)
               ^^^^^^^^^^^^^^^^^^^^^
  File "/usr/local/lib/python3.11/site-packages/django/core/handlers/base.py", line 197, in _get_response
    response = wrapped_callback(request, *callback_args, **callback_kwargs)
               ^^^^^^^^^^^^^^^^^^^^^^^^^^^^^^^^^^^^^^^^^^^^^^^^^^^^^^^^^^^^
  File "/usr/local/lib/python3.11/site-packages/django/views/decorators/csrf.py", line 56, in wrapper_view
    return view_func(*args, **kwargs)
           ^^^^^^^^^^^^^^^^^^^^^^^^^^
  File "/usr/local/lib/python3.11/site-packages/django/views/generic/base.py", line 104, in view
    return self.dispatch(request, *args, **kwargs)
           ^^^^^^^^^^^^^^^^^^^^^^^^^^^^^^^^^^^^^^^
  File "/usr/local/lib/python3.11/site-packages/rest_framework/views.py", line 509, in dispatch
    response = self.handle_exception(exc)
               ^^^^^^^^^^^^^^^^^^^^^^^^^^
  File "/usr/local/lib/python3.11/site-packages/rest_framework/views.py", line 469, in handle_exception
    self.raise_uncaught_exception(exc)
  File "/usr/local/lib/python3.11/site-packages/rest_framework/views.py", line 480, in raise_uncaught_exception
    raise exc
  File "/usr/local/lib/python3.11/site-packages/rest_framework/views.py", line 506, in dispatch
    response = handler(request, *args, **kwargs)
               ^^^^^^^^^^^^^^^^^^^^^^^^^^^^^^^^^
  File "/usr/local/lib/python3.11/site-packages/rest_framework/decorators.py", line 50, in handler
    return func(*args, **kwargs)
           ^^^^^^^^^^^^^^^^^^^^^
  File "/app/accounts/views.py", line 447, in admin_change_password
    old_password = serializer.validated_data['old_password']
                   ^^^^^^^^^^^^^^^^^^^^^^^^^
  File "/usr/local/lib/python3.11/site-packages/rest_framework/serializers.py", line 271, in validated_data
    raise AssertionError(msg)
AssertionError: You must call `.is_valid()` before accessing `.validated_data`.
ERROR 2026-02-01 13:48:42,812 log 21 140374031997824 Internal Server Error: /api/auth/admin/change-password/
Traceback (most recent call last):
  File "/usr/local/lib/python3.11/site-packages/django/core/handlers/exception.py", line 55, in inner
    response = get_response(request)
               ^^^^^^^^^^^^^^^^^^^^^
  File "/usr/local/lib/python3.11/site-packages/django/core/handlers/base.py", line 197, in _get_response
    response = wrapped_callback(request, *callback_args, **callback_kwargs)
               ^^^^^^^^^^^^^^^^^^^^^^^^^^^^^^^^^^^^^^^^^^^^^^^^^^^^^^^^^^^^
  File "/usr/local/lib/python3.11/site-packages/django/views/decorators/csrf.py", line 56, in wrapper_view
    return view_func(*args, **kwargs)
           ^^^^^^^^^^^^^^^^^^^^^^^^^^
  File "/usr/local/lib/python3.11/site-packages/django/views/generic/base.py", line 104, in view
    return self.dispatch(request, *args, **kwargs)
           ^^^^^^^^^^^^^^^^^^^^^^^^^^^^^^^^^^^^^^^
  File "/usr/local/lib/python3.11/site-packages/rest_framework/views.py", line 509, in dispatch
    response = self.handle_exception(exc)
               ^^^^^^^^^^^^^^^^^^^^^^^^^^
  File "/usr/local/lib/python3.11/site-packages/rest_framework/views.py", line 469, in handle_exception
    self.raise_uncaught_exception(exc)
  File "/usr/local/lib/python3.11/site-packages/rest_framework/views.py", line 480, in raise_uncaught_exception
    raise exc
  File "/usr/local/lib/python3.11/site-packages/rest_framework/views.py", line 506, in dispatch
    response = handler(request, *args, **kwargs)
               ^^^^^^^^^^^^^^^^^^^^^^^^^^^^^^^^^
  File "/usr/local/lib/python3.11/site-packages/rest_framework/decorators.py", line 50, in handler
    return func(*args, **kwargs)
           ^^^^^^^^^^^^^^^^^^^^^
  File "/app/accounts/views.py", line 447, in admin_change_password
    old_password = serializer.validated_data['old_password']
                   ^^^^^^^^^^^^^^^^^^^^^^^^^
  File "/usr/local/lib/python3.11/site-packages/rest_framework/serializers.py", line 271, in validated_data
    raise AssertionError(msg)
AssertionError: You must call `.is_valid()` before accessing `.validated_data`.
ERROR 2026-02-01 13:48:46,370 log 23 140374031997824 Internal Server Error: /api/auth/admin/change-password/
Traceback (most recent call last):
  File "/usr/local/lib/python3.11/site-packages/django/core/handlers/exception.py", line 55, in inner
    response = get_response(request)
               ^^^^^^^^^^^^^^^^^^^^^
  File "/usr/local/lib/python3.11/site-packages/django/core/handlers/base.py", line 197, in _get_response
    response = wrapped_callback(request, *callback_args, **callback_kwargs)
               ^^^^^^^^^^^^^^^^^^^^^^^^^^^^^^^^^^^^^^^^^^^^^^^^^^^^^^^^^^^^
  File "/usr/local/lib/python3.11/site-packages/django/views/decorators/csrf.py", line 56, in wrapper_view
    return view_func(*args, **kwargs)
           ^^^^^^^^^^^^^^^^^^^^^^^^^^
  File "/usr/local/lib/python3.11/site-packages/django/views/generic/base.py", line 104, in view
    return self.dispatch(request, *args, **kwargs)
           ^^^^^^^^^^^^^^^^^^^^^^^^^^^^^^^^^^^^^^^
  File "/usr/local/lib/python3.11/site-packages/rest_framework/views.py", line 509, in dispatch
    response = self.handle_exception(exc)
               ^^^^^^^^^^^^^^^^^^^^^^^^^^
  File "/usr/local/lib/python3.11/site-packages/rest_framework/views.py", line 469, in handle_exception
    self.raise_uncaught_exception(exc)
  File "/usr/local/lib/python3.11/site-packages/rest_framework/views.py", line 480, in raise_uncaught_exception
    raise exc
  File "/usr/local/lib/python3.11/site-packages/rest_framework/views.py", line 506, in dispatch
    response = handler(request, *args, **kwargs)
               ^^^^^^^^^^^^^^^^^^^^^^^^^^^^^^^^^
  File "/usr/local/lib/python3.11/site-packages/rest_framework/decorators.py", line 50, in handler
    return func(*args, **kwargs)
           ^^^^^^^^^^^^^^^^^^^^^
  File "/app/accounts/views.py", line 447, in admin_change_password
    old_password = serializer.validated_data['old_password']
                   ^^^^^^^^^^^^^^^^^^^^^^^^^
  File "/usr/local/lib/python3.11/site-packages/rest_framework/serializers.py", line 271, in validated_data
    raise AssertionError(msg)
AssertionError: You must call `.is_valid()` before accessing `.validated_data`.
WARNING 2026-02-01 13:59:02,833 log 22 139918623628160 Bad Request: /api/auth/admin/update-profile/
WARNING 2026-02-01 13:59:06,744 log 22 139918623628160 Bad Request: /api/auth/admin/update-profile/
WARNING 2026-02-01 13:59:07,483 log 24 139918623628160 Bad Request: /api/auth/admin/update-profile/
WARNING 2026-02-01 13:59:19,543 log 23 139918623628160 Bad Request: /api/auth/admin/update-profile/
ERROR 2026-02-01 14:00:37,537 log 24 139918623628160 Internal Server Error: /api/auth/admin/change-password/
Traceback (most recent call last):
  File "/usr/local/lib/python3.11/site-packages/django/core/handlers/exception.py", line 55, in inner
    response = get_response(request)
               ^^^^^^^^^^^^^^^^^^^^^
  File "/usr/local/lib/python3.11/site-packages/django/core/handlers/base.py", line 197, in _get_response
    response = wrapped_callback(request, *callback_args, **callback_kwargs)
               ^^^^^^^^^^^^^^^^^^^^^^^^^^^^^^^^^^^^^^^^^^^^^^^^^^^^^^^^^^^^
  File "/usr/local/lib/python3.11/site-packages/django/views/decorators/csrf.py", line 56, in wrapper_view
    return view_func(*args, **kwargs)
           ^^^^^^^^^^^^^^^^^^^^^^^^^^
  File "/usr/local/lib/python3.11/site-packages/django/views/generic/base.py", line 104, in view
    return self.dispatch(request, *args, **kwargs)
           ^^^^^^^^^^^^^^^^^^^^^^^^^^^^^^^^^^^^^^^
  File "/usr/local/lib/python3.11/site-packages/rest_framework/views.py", line 509, in dispatch
    response = self.handle_exception(exc)
               ^^^^^^^^^^^^^^^^^^^^^^^^^^
  File "/usr/local/lib/python3.11/site-packages/rest_framework/views.py", line 469, in handle_exception
    self.raise_uncaught_exception(exc)
  File "/usr/local/lib/python3.11/site-packages/rest_framework/views.py", line 480, in raise_uncaught_exception
    raise exc
  File "/usr/local/lib/python3.11/site-packages/rest_framework/views.py", line 506, in dispatch
    response = handler(request, *args, **kwargs)
               ^^^^^^^^^^^^^^^^^^^^^^^^^^^^^^^^^
  File "/usr/local/lib/python3.11/site-packages/rest_framework/decorators.py", line 50, in handler
    return func(*args, **kwargs)
           ^^^^^^^^^^^^^^^^^^^^^
  File "/app/accounts/views.py", line 447, in admin_change_password
    old_password = serializer.validated_data['old_password']
                   ^^^^^^^^^^^^^^^^^^^^^^^^^
  File "/usr/local/lib/python3.11/site-packages/rest_framework/serializers.py", line 271, in validated_data
    raise AssertionError(msg)
AssertionError: You must call `.is_valid()` before accessing `.validated_data`.
WARNING 2026-02-01 14:03:43,192 log 23 140633157503872 Unauthorized: /api/auth/current-user/
WARNING 2026-02-01 14:03:43,341 log 23 140633157503872 Unauthorized: /api/auth/current-user/
WARNING 2026-02-01 14:03:43,364 log 24 140633157503872 Unauthorized: /api/auth/current-user/
WARNING 2026-02-01 14:03:43,367 log 23 140633157503872 Unauthorized: /api/auth/current-user/
WARNING 2026-02-01 14:05:57,206 log 24 140633157503872 Bad Request: /api/auth/admin/create-operator/
WARNING 2026-02-01 14:07:01,687 log 22 140633157503872 Bad Request: /api/auth/admin/create-operator/
WARNING 2026-02-01 14:07:20,770 log 22 140633157503872 Bad Request: /api/auth/admin/create-operator/
WARNING 2026-02-01 14:07:21,642 log 22 140633157503872 Bad Request: /api/auth/admin/create-operator/
INFO 2026-02-01 14:07:31,280 services 23 140633157503872 Action logged: operator_created by admin under admin 56df2f0f-f659-44f3-b39b-9e86aec196c7
WARNING 2026-02-01 14:08:32,054 log 23 140633157503872 Bad Request: /api/auth/admin/create-operator/
WARNING 2026-02-01 14:08:39,473 log 24 140633157503872 Bad Request: /api/auth/admin/create-operator/
WARNING 2026-02-01 14:08:40,552 log 24 140633157503872 Bad Request: /api/auth/admin/create-operator/
INFO 2026-02-01 14:08:56,904 services 22 140633157503872 Action logged: operator_created by admin under admin 56df2f0f-f659-44f3-b39b-9e86aec196c7
WARNING 2026-02-01 14:09:32,585 log 23 140633157503872 Bad Request: /api/auth/admin/update-profile/
ERROR 2026-02-01 14:10:45,675 log 23 140633157503872 Internal Server Error: /api/auth/admin/change-password/
Traceback (most recent call last):
  File "/usr/local/lib/python3.11/site-packages/django/core/handlers/exception.py", line 55, in inner
    response = get_response(request)
               ^^^^^^^^^^^^^^^^^^^^^
  File "/usr/local/lib/python3.11/site-packages/django/core/handlers/base.py", line 197, in _get_response
    response = wrapped_callback(request, *callback_args, **callback_kwargs)
               ^^^^^^^^^^^^^^^^^^^^^^^^^^^^^^^^^^^^^^^^^^^^^^^^^^^^^^^^^^^^
  File "/usr/local/lib/python3.11/site-packages/django/views/decorators/csrf.py", line 56, in wrapper_view
    return view_func(*args, **kwargs)
           ^^^^^^^^^^^^^^^^^^^^^^^^^^
  File "/usr/local/lib/python3.11/site-packages/django/views/generic/base.py", line 104, in view
    return self.dispatch(request, *args, **kwargs)
           ^^^^^^^^^^^^^^^^^^^^^^^^^^^^^^^^^^^^^^^
  File "/usr/local/lib/python3.11/site-packages/rest_framework/views.py", line 509, in dispatch
    response = self.handle_exception(exc)
               ^^^^^^^^^^^^^^^^^^^^^^^^^^
  File "/usr/local/lib/python3.11/site-packages/rest_framework/views.py", line 469, in handle_exception
    self.raise_uncaught_exception(exc)
  File "/usr/local/lib/python3.11/site-packages/rest_framework/views.py", line 480, in raise_uncaught_exception
    raise exc
  File "/usr/local/lib/python3.11/site-packages/rest_framework/views.py", line 506, in dispatch
    response = handler(request, *args, **kwargs)
               ^^^^^^^^^^^^^^^^^^^^^^^^^^^^^^^^^
  File "/usr/local/lib/python3.11/site-packages/rest_framework/decorators.py", line 50, in handler
    return func(*args, **kwargs)
           ^^^^^^^^^^^^^^^^^^^^^
  File "/app/accounts/views.py", line 447, in admin_change_password
    old_password = serializer.validated_data['old_password']
                   ^^^^^^^^^^^^^^^^^^^^^^^^^
  File "/usr/local/lib/python3.11/site-packages/rest_framework/serializers.py", line 271, in validated_data
    raise AssertionError(msg)
AssertionError: You must call `.is_valid()` before accessing `.validated_data`.
ERROR 2026-02-01 14:11:12,436 log 22 140633157503872 Internal Server Error: /api/auth/admin/change-password/
Traceback (most recent call last):
  File "/usr/local/lib/python3.11/site-packages/django/core/handlers/exception.py", line 55, in inner
    response = get_response(request)
               ^^^^^^^^^^^^^^^^^^^^^
  File "/usr/local/lib/python3.11/site-packages/django/core/handlers/base.py", line 197, in _get_response
    response = wrapped_callback(request, *callback_args, **callback_kwargs)
               ^^^^^^^^^^^^^^^^^^^^^^^^^^^^^^^^^^^^^^^^^^^^^^^^^^^^^^^^^^^^
  File "/usr/local/lib/python3.11/site-packages/django/views/decorators/csrf.py", line 56, in wrapper_view
    return view_func(*args, **kwargs)
           ^^^^^^^^^^^^^^^^^^^^^^^^^^
  File "/usr/local/lib/python3.11/site-packages/django/views/generic/base.py", line 104, in view
    return self.dispatch(request, *args, **kwargs)
           ^^^^^^^^^^^^^^^^^^^^^^^^^^^^^^^^^^^^^^^
  File "/usr/local/lib/python3.11/site-packages/rest_framework/views.py", line 509, in dispatch
    response = self.handle_exception(exc)
               ^^^^^^^^^^^^^^^^^^^^^^^^^^
  File "/usr/local/lib/python3.11/site-packages/rest_framework/views.py", line 469, in handle_exception
    self.raise_uncaught_exception(exc)
  File "/usr/local/lib/python3.11/site-packages/rest_framework/views.py", line 480, in raise_uncaught_exception
    raise exc
  File "/usr/local/lib/python3.11/site-packages/rest_framework/views.py", line 506, in dispatch
    response = handler(request, *args, **kwargs)
               ^^^^^^^^^^^^^^^^^^^^^^^^^^^^^^^^^
  File "/usr/local/lib/python3.11/site-packages/rest_framework/decorators.py", line 50, in handler
    return func(*args, **kwargs)
           ^^^^^^^^^^^^^^^^^^^^^
  File "/app/accounts/views.py", line 447, in admin_change_password
    old_password = serializer.validated_data['old_password']
                   ^^^^^^^^^^^^^^^^^^^^^^^^^
  File "/usr/local/lib/python3.11/site-packages/rest_framework/serializers.py", line 271, in validated_data
    raise AssertionError(msg)
AssertionError: You must call `.is_valid()` before accessing `.validated_data`.
ERROR 2026-02-01 14:12:00,167 log 24 140633157503872 Internal Server Error: /api/auth/admin/change-password/
Traceback (most recent call last):
  File "/usr/local/lib/python3.11/site-packages/django/core/handlers/exception.py", line 55, in inner
    response = get_response(request)
               ^^^^^^^^^^^^^^^^^^^^^
  File "/usr/local/lib/python3.11/site-packages/django/core/handlers/base.py", line 197, in _get_response
    response = wrapped_callback(request, *callback_args, **callback_kwargs)
               ^^^^^^^^^^^^^^^^^^^^^^^^^^^^^^^^^^^^^^^^^^^^^^^^^^^^^^^^^^^^
  File "/usr/local/lib/python3.11/site-packages/django/views/decorators/csrf.py", line 56, in wrapper_view
    return view_func(*args, **kwargs)
           ^^^^^^^^^^^^^^^^^^^^^^^^^^
  File "/usr/local/lib/python3.11/site-packages/django/views/generic/base.py", line 104, in view
    return self.dispatch(request, *args, **kwargs)
           ^^^^^^^^^^^^^^^^^^^^^^^^^^^^^^^^^^^^^^^
  File "/usr/local/lib/python3.11/site-packages/rest_framework/views.py", line 509, in dispatch
    response = self.handle_exception(exc)
               ^^^^^^^^^^^^^^^^^^^^^^^^^^
  File "/usr/local/lib/python3.11/site-packages/rest_framework/views.py", line 469, in handle_exception
    self.raise_uncaught_exception(exc)
  File "/usr/local/lib/python3.11/site-packages/rest_framework/views.py", line 480, in raise_uncaught_exception
    raise exc
  File "/usr/local/lib/python3.11/site-packages/rest_framework/views.py", line 506, in dispatch
    response = handler(request, *args, **kwargs)
               ^^^^^^^^^^^^^^^^^^^^^^^^^^^^^^^^^
  File "/usr/local/lib/python3.11/site-packages/rest_framework/decorators.py", line 50, in handler
    return func(*args, **kwargs)
           ^^^^^^^^^^^^^^^^^^^^^
  File "/app/accounts/views.py", line 447, in admin_change_password
    old_password = serializer.validated_data['old_password']
                   ^^^^^^^^^^^^^^^^^^^^^^^^^
  File "/usr/local/lib/python3.11/site-packages/rest_framework/serializers.py", line 271, in validated_data
    raise AssertionError(msg)
AssertionError: You must call `.is_valid()` before accessing `.validated_data`.
WARNING 2026-02-01 14:16:38,783 log 22 140233883556736 Bad Request: /api/auth/admin/update-profile/
ERROR 2026-02-01 14:17:06,123 log 22 140233883556736 Internal Server Error: /api/auth/admin/change-password/
Traceback (most recent call last):
  File "/usr/local/lib/python3.11/site-packages/django/core/handlers/exception.py", line 55, in inner
    response = get_response(request)
               ^^^^^^^^^^^^^^^^^^^^^
  File "/usr/local/lib/python3.11/site-packages/django/core/handlers/base.py", line 197, in _get_response
    response = wrapped_callback(request, *callback_args, **callback_kwargs)
               ^^^^^^^^^^^^^^^^^^^^^^^^^^^^^^^^^^^^^^^^^^^^^^^^^^^^^^^^^^^^
  File "/usr/local/lib/python3.11/site-packages/django/views/decorators/csrf.py", line 56, in wrapper_view
    return view_func(*args, **kwargs)
           ^^^^^^^^^^^^^^^^^^^^^^^^^^
  File "/usr/local/lib/python3.11/site-packages/django/views/generic/base.py", line 104, in view
    return self.dispatch(request, *args, **kwargs)
           ^^^^^^^^^^^^^^^^^^^^^^^^^^^^^^^^^^^^^^^
  File "/usr/local/lib/python3.11/site-packages/rest_framework/views.py", line 509, in dispatch
    response = self.handle_exception(exc)
               ^^^^^^^^^^^^^^^^^^^^^^^^^^
  File "/usr/local/lib/python3.11/site-packages/rest_framework/views.py", line 469, in handle_exception
    self.raise_uncaught_exception(exc)
  File "/usr/local/lib/python3.11/site-packages/rest_framework/views.py", line 480, in raise_uncaught_exception
    raise exc
  File "/usr/local/lib/python3.11/site-packages/rest_framework/views.py", line 506, in dispatch
    response = handler(request, *args, **kwargs)
               ^^^^^^^^^^^^^^^^^^^^^^^^^^^^^^^^^
  File "/usr/local/lib/python3.11/site-packages/rest_framework/decorators.py", line 50, in handler
    return func(*args, **kwargs)
           ^^^^^^^^^^^^^^^^^^^^^
  File "/app/accounts/views.py", line 447, in admin_change_password
    old_password = serializer.validated_data['old_password']
                   ^^^^^^^^^^^^^^^^^^^^^^^^^
  File "/usr/local/lib/python3.11/site-packages/rest_framework/serializers.py", line 271, in validated_data
    raise AssertionError(msg)
AssertionError: You must call `.is_valid()` before accessing `.validated_data`.
ERROR 2026-02-01 14:17:48,992 log 22 140233883556736 Internal Server Error: /api/auth/admin/change-password/
Traceback (most recent call last):
  File "/usr/local/lib/python3.11/site-packages/django/core/handlers/exception.py", line 55, in inner
    response = get_response(request)
               ^^^^^^^^^^^^^^^^^^^^^
  File "/usr/local/lib/python3.11/site-packages/django/core/handlers/base.py", line 197, in _get_response
    response = wrapped_callback(request, *callback_args, **callback_kwargs)
               ^^^^^^^^^^^^^^^^^^^^^^^^^^^^^^^^^^^^^^^^^^^^^^^^^^^^^^^^^^^^
  File "/usr/local/lib/python3.11/site-packages/django/views/decorators/csrf.py", line 56, in wrapper_view
    return view_func(*args, **kwargs)
           ^^^^^^^^^^^^^^^^^^^^^^^^^^
  File "/usr/local/lib/python3.11/site-packages/django/views/generic/base.py", line 104, in view
    return self.dispatch(request, *args, **kwargs)
           ^^^^^^^^^^^^^^^^^^^^^^^^^^^^^^^^^^^^^^^
  File "/usr/local/lib/python3.11/site-packages/rest_framework/views.py", line 509, in dispatch
    response = self.handle_exception(exc)
               ^^^^^^^^^^^^^^^^^^^^^^^^^^
  File "/usr/local/lib/python3.11/site-packages/rest_framework/views.py", line 469, in handle_exception
    self.raise_uncaught_exception(exc)
  File "/usr/local/lib/python3.11/site-packages/rest_framework/views.py", line 480, in raise_uncaught_exception
    raise exc
  File "/usr/local/lib/python3.11/site-packages/rest_framework/views.py", line 506, in dispatch
    response = handler(request, *args, **kwargs)
               ^^^^^^^^^^^^^^^^^^^^^^^^^^^^^^^^^
  File "/usr/local/lib/python3.11/site-packages/rest_framework/decorators.py", line 50, in handler
    return func(*args, **kwargs)
           ^^^^^^^^^^^^^^^^^^^^^
  File "/app/accounts/views.py", line 447, in admin_change_password
    old_password = serializer.validated_data['old_password']
                   ^^^^^^^^^^^^^^^^^^^^^^^^^
  File "/usr/local/lib/python3.11/site-packages/rest_framework/serializers.py", line 271, in validated_data
    raise AssertionError(msg)
AssertionError: You must call `.is_valid()` before accessing `.validated_data`.
ERROR 2026-02-01 14:18:48,855 log 23 140233883556736 Internal Server Error: /api/auth/admin/change-password/
Traceback (most recent call last):
  File "/usr/local/lib/python3.11/site-packages/django/core/handlers/exception.py", line 55, in inner
    response = get_response(request)
               ^^^^^^^^^^^^^^^^^^^^^
  File "/usr/local/lib/python3.11/site-packages/django/core/handlers/base.py", line 197, in _get_response
    response = wrapped_callback(request, *callback_args, **callback_kwargs)
               ^^^^^^^^^^^^^^^^^^^^^^^^^^^^^^^^^^^^^^^^^^^^^^^^^^^^^^^^^^^^
  File "/usr/local/lib/python3.11/site-packages/django/views/decorators/csrf.py", line 56, in wrapper_view
    return view_func(*args, **kwargs)
           ^^^^^^^^^^^^^^^^^^^^^^^^^^
  File "/usr/local/lib/python3.11/site-packages/django/views/generic/base.py", line 104, in view
    return self.dispatch(request, *args, **kwargs)
           ^^^^^^^^^^^^^^^^^^^^^^^^^^^^^^^^^^^^^^^
  File "/usr/local/lib/python3.11/site-packages/rest_framework/views.py", line 509, in dispatch
    response = self.handle_exception(exc)
               ^^^^^^^^^^^^^^^^^^^^^^^^^^
  File "/usr/local/lib/python3.11/site-packages/rest_framework/views.py", line 469, in handle_exception
    self.raise_uncaught_exception(exc)
  File "/usr/local/lib/python3.11/site-packages/rest_framework/views.py", line 480, in raise_uncaught_exception
    raise exc
  File "/usr/local/lib/python3.11/site-packages/rest_framework/views.py", line 506, in dispatch
    response = handler(request, *args, **kwargs)
               ^^^^^^^^^^^^^^^^^^^^^^^^^^^^^^^^^
  File "/usr/local/lib/python3.11/site-packages/rest_framework/decorators.py", line 50, in handler
    return func(*args, **kwargs)
           ^^^^^^^^^^^^^^^^^^^^^
  File "/app/accounts/views.py", line 447, in admin_change_password
    old_password = serializer.validated_data['old_password']
                   ^^^^^^^^^^^^^^^^^^^^^^^^^
  File "/usr/local/lib/python3.11/site-packages/rest_framework/serializers.py", line 271, in validated_data
    raise AssertionError(msg)
AssertionError: You must call `.is_valid()` before accessing `.validated_data`.
ERROR 2026-02-01 14:18:56,174 log 22 140233883556736 Internal Server Error: /api/auth/admin/change-password/
Traceback (most recent call last):
  File "/usr/local/lib/python3.11/site-packages/django/core/handlers/exception.py", line 55, in inner
    response = get_response(request)
               ^^^^^^^^^^^^^^^^^^^^^
  File "/usr/local/lib/python3.11/site-packages/django/core/handlers/base.py", line 197, in _get_response
    response = wrapped_callback(request, *callback_args, **callback_kwargs)
               ^^^^^^^^^^^^^^^^^^^^^^^^^^^^^^^^^^^^^^^^^^^^^^^^^^^^^^^^^^^^
  File "/usr/local/lib/python3.11/site-packages/django/views/decorators/csrf.py", line 56, in wrapper_view
    return view_func(*args, **kwargs)
           ^^^^^^^^^^^^^^^^^^^^^^^^^^
  File "/usr/local/lib/python3.11/site-packages/django/views/generic/base.py", line 104, in view
    return self.dispatch(request, *args, **kwargs)
           ^^^^^^^^^^^^^^^^^^^^^^^^^^^^^^^^^^^^^^^
  File "/usr/local/lib/python3.11/site-packages/rest_framework/views.py", line 509, in dispatch
    response = self.handle_exception(exc)
               ^^^^^^^^^^^^^^^^^^^^^^^^^^
  File "/usr/local/lib/python3.11/site-packages/rest_framework/views.py", line 469, in handle_exception
    self.raise_uncaught_exception(exc)
  File "/usr/local/lib/python3.11/site-packages/rest_framework/views.py", line 480, in raise_uncaught_exception
    raise exc
  File "/usr/local/lib/python3.11/site-packages/rest_framework/views.py", line 506, in dispatch
    response = handler(request, *args, **kwargs)
               ^^^^^^^^^^^^^^^^^^^^^^^^^^^^^^^^^
  File "/usr/local/lib/python3.11/site-packages/rest_framework/decorators.py", line 50, in handler
    return func(*args, **kwargs)
           ^^^^^^^^^^^^^^^^^^^^^
  File "/app/accounts/views.py", line 447, in admin_change_password
    old_password = serializer.validated_data['old_password']
                   ^^^^^^^^^^^^^^^^^^^^^^^^^
  File "/usr/local/lib/python3.11/site-packages/rest_framework/serializers.py", line 271, in validated_data
    raise AssertionError(msg)
AssertionError: You must call `.is_valid()` before accessing `.validated_data`.
WARNING 2026-02-01 14:22:46,590 log 21 140406813666176 Unauthorized: /api/auth/current-user/
WARNING 2026-02-01 14:22:46,612 log 21 140406813666176 Unauthorized: /api/auth/current-user/
WARNING 2026-02-01 14:22:46,644 log 21 140406813666176 Unauthorized: /api/auth/current-user/
WARNING 2026-02-01 14:22:46,825 log 22 140406813666176 Unauthorized: /api/auth/current-user/
WARNING 2026-02-01 14:22:46,970 log 23 140406813666176 Unauthorized: /api/auth/current-user/
INFO 2026-02-01 14:23:06,127 services 21 140406813666176 Action logged: profile_updated by admin under admin 6e2eceb9-3467-48b5-a0e9-ae10a4f5ba93
WARNING 2026-02-01 14:23:15,752 log 22 140406813666176 Bad Request: /api/auth/admin/update-profile/
WARNING 2026-02-01 14:23:54,701 log 22 140406813666176 Bad Request: /api/auth/admin/change-password/
INFO 2026-02-01 14:25:13,493 services 21 140406813666176 Action logged: password_changed by admin under admin 6e2eceb9-3467-48b5-a0e9-ae10a4f5ba93
WARNING 2026-02-01 14:25:34,328 log 22 140406813666176 Bad Request: /api/auth/admin/change-password/
WARNING 2026-02-01 14:26:08,065 log 21 140406813666176 Bad Request: /api/auth/admin/change-password/
INFO 2026-02-01 14:26:34,670 services 21 140406813666176 Action logged: password_changed by admin under admin 6e2eceb9-3467-48b5-a0e9-ae10a4f5ba93
WARNING 2026-02-01 16:05:17,999 log 21 140501406493568 Unauthorized: /api/auth/current-user/
WARNING 2026-02-01 16:05:18,234 log 21 140501406493568 Unauthorized: /api/auth/current-user/
WARNING 2026-02-01 16:05:18,281 log 21 140501406493568 Unauthorized: /api/auth/current-user/
WARNING 2026-02-01 16:05:18,301 log 22 140501406493568 Unauthorized: /api/auth/current-user/
WARNING 2026-02-01 16:05:18,666 log 23 140501406493568 Unauthorized: /api/auth/current-user/
WARNING 2026-02-01 16:18:24,095 views 21 140169240779648 Login failed: Invalid credentials for admin@gmail.com
WARNING 2026-02-01 16:18:24,098 log 21 140169240779648 Unauthorized: /api/auth/admin/login/
WARNING 2026-02-01 16:20:13,447 log 22 140169240779648 Bad Request: /api/auth/admin/change-password/
INFO 2026-02-01 16:20:27,923 services 23 140169240779648 Action logged: password_changed by admin under admin bfa33dc2-cee7-48c2-a387-c507c432d78b
WARNING 2026-02-01 16:20:43,158 log 22 140169240779648 Bad Request: /api/auth/admin/change-password/
INFO 2026-02-01 20:19:10,824 services 36 140625326336896 Action logged: operator_created by admin under admin a78f113d-3432-4222-a7d1-26d9651541ff
INFO 2026-02-01 20:19:49,895 services 34 140625326336896 Action logged: profile_updated by admin under admin a78f113d-3432-4222-a7d1-26d9651541ff
WARNING 2026-02-01 20:20:00,793 log 36 140625326336896 Bad Request: /api/auth/admin/update-profile/
INFO 2026-02-01 20:20:26,817 services 36 140625326336896 Action logged: password_changed by admin under admin a78f113d-3432-4222-a7d1-26d9651541ff
WARNING 2026-02-01 20:35:18,889 log 35 140625326336896 Bad Request: /api/auth/admin/login/
WARNING 2026-02-01 20:43:24,862 views 35 140625326336896 Login failed: Invalid credentials for admin@gmail.com
WARNING 2026-02-01 20:43:24,863 log 35 140625326336896 Unauthorized: /api/auth/admin/login/
WARNING 2026-02-01 21:01:24,020 log 35 140062090492800 Unauthorized: /api/auth/current-user/
WARNING 2026-02-01 21:01:25,172 log 34 140062090492800 Unauthorized: /api/auth/current-user/
WARNING 2026-02-01 21:22:09,157 log 35 140169730898816 Unauthorized: /api/auth/current-user/
WARNING 2026-02-01 21:22:09,257 log 35 140169730898816 Unauthorized: /api/auth/current-user/
WARNING 2026-02-02 20:02:44,803 log 34 140187456166784 Forbidden: /api/auth/operator/login/
WARNING 2026-02-02 20:03:11,671 log 33 140187456166784 Not Found: /favicon.ico
INFO 2026-02-02 20:05:03,557 services 35 140187456166784 Action logged: login by operator under admin 0f553cd5-c6a8-4ac0-8931-f780ea637662
WARNING 2026-02-03 09:13:19,351 log 28 140186282326912 Unauthorized: /api/auth/current-user/
WARNING 2026-02-03 09:13:19,445 log 30 140186282326912 Unauthorized: /api/auth/current-user/
WARNING 2026-02-04 13:40:48,938 log 22 140198783155072 Unauthorized: /api/auth/current-user/
WARNING 2026-02-04 13:40:49,060 log 23 140198783155072 Unauthorized: /api/auth/current-user/
WARNING 2026-02-04 15:06:31,802 log 21 140383720299392 Unauthorized: /api/auth/current-user/
WARNING 2026-02-04 15:06:31,853 log 23 140383720299392 Unauthorized: /api/auth/current-user/
ERROR 2026-02-04 15:07:58,098 log 23 140383720299392 Internal Server Error: /
Traceback (most recent call last):
  File "/usr/local/lib/python3.11/site-packages/django/core/handlers/exception.py", line 55, in inner
    response = get_response(request)
               ^^^^^^^^^^^^^^^^^^^^^
  File "/usr/local/lib/python3.11/site-packages/django/core/handlers/base.py", line 197, in _get_response
    response = wrapped_callback(request, *callback_args, **callback_kwargs)
               ^^^^^^^^^^^^^^^^^^^^^^^^^^^^^^^^^^^^^^^^^^^^^^^^^^^^^^^^^^^^
TypeError: custom_404_view() missing 1 required positional argument: 'exception'
WARNING 2026-02-04 15:07:58,156 log 21 140383720299392 Not Found: /favicon.ico
WARNING 2026-02-04 15:30:52,109 log 22 140642796235648 Not Found: /
WARNING 2026-02-04 15:32:12,093 log 21 140618408393600 Not Found: /
WARNING 2026-02-04 15:32:42,952 log 23 140618408393600 Not Found: /.well-known/appspecific/com.chrome.devtools.json
WARNING 2026-02-04 15:33:28,113 log 22 140618408393600 Not Found: /api/auth/admin/notifications/unread-count/
WARNING 2026-02-04 15:33:58,029 log 23 140618408393600 Not Found: /api/auth/admin/notifications/unread-count/
WARNING 2026-02-04 15:34:09,174 log 23 140618408393600 Not Found: /api/auth/admin/notifications/unread-count/
WARNING 2026-02-04 15:34:25,287 log 22 140618408393600 Not Found: /api/auth/admin/notifications/unread-count/
WARNING 2026-02-04 15:34:55,311 log 21 140618408393600 Not Found: /api/auth/admin/notifications/unread-count/
WARNING 2026-02-04 15:35:25,321 log 21 140618408393600 Not Found: /api/auth/admin/notifications/unread-count/
WARNING 2026-02-04 15:35:55,314 log 22 140618408393600 Not Found: /api/auth/admin/notifications/unread-count/
WARNING 2026-02-04 15:36:25,315 log 21 140618408393600 Not Found: /api/auth/admin/notifications/unread-count/
WARNING 2026-02-04 15:36:55,309 log 23 140618408393600 Not Found: /api/auth/admin/notifications/unread-count/
WARNING 2026-02-04 15:37:25,328 log 21 140618408393600 Not Found: /api/auth/admin/notifications/unread-count/
WARNING 2026-02-04 15:38:05,316 log 23 140618408393600 Not Found: /api/auth/admin/notifications/unread-count/
WARNING 2026-02-04 15:39:05,318 log 21 140618408393600 Not Found: /api/auth/admin/notifications/unread-count/
WARNING 2026-02-04 15:42:37,659 log 22 140361125501824 Unauthorized: /api/auth/current-user/
WARNING 2026-02-04 15:42:38,130 log 23 140361125501824 Unauthorized: /api/auth/current-user/
WARNING 2026-02-04 15:45:08,067 log 21 140361125501824 Not Found: /api
WARNING 2026-02-04 15:45:08,115 log 22 140361125501824 Not Found: /favicon.ico
WARNING 2026-02-04 15:45:34,097 log 22 140361125501824 Not Found: /api/health/admin
WARNING 2026-02-04 15:50:49,208 log 23 139759132191616 Unauthorized: /api/auth/admin/fraud-logs/
WARNING 2026-02-04 15:50:49,228 log 23 139759132191616 Unauthorized: /api/auth/admin/operators/
WARNING 2026-02-04 15:50:49,248 log 23 139759132191616 Unauthorized: /api/auth/admin/voter-stats-chart/
WARNING 2026-02-04 15:50:49,278 log 23 139759132191616 Unauthorized: /api/auth/admin/fraud-logs/
WARNING 2026-02-04 15:50:49,295 log 23 139759132191616 Unauthorized: /api/auth/admin/operators/
WARNING 2026-02-04 15:50:49,310 log 23 139759132191616 Unauthorized: /api/auth/admin/voter-stats-chart/
WARNING 2026-02-04 15:50:49,658 log 21 139759132191616 Unauthorized: /api/auth/admin/stats/
WARNING 2026-02-04 15:50:49,666 log 22 139759132191616 Unauthorized: /api/auth/admin/notifications/unread-count/
WARNING 2026-02-04 15:50:49,685 log 22 139759132191616 Unauthorized: /api/auth/admin/stats/
WARNING 2026-02-04 15:50:49,694 log 23 139759132191616 Unauthorized: /api/auth/admin/notifications/unread-count/
WARNING 2026-02-04 15:50:51,252 log 21 139759132191616 Unauthorized: /api/auth/current-user/
WARNING 2026-02-04 15:50:51,276 log 21 139759132191616 Unauthorized: /api/auth/current-user/
WARNING 2026-02-04 15:50:56,566 views 22 139759132191616 Login failed: Invalid credentials for admin@gmail.com
WARNING 2026-02-04 15:50:56,567 log 22 139759132191616 Unauthorized: /api/auth/admin/login/
WARNING 2026-02-04 17:32:57,361 log 21 139907138321280 Unauthorized: /api/auth/admin/notifications/unread-count/
WARNING 2026-02-04 17:32:57,380 log 21 139907138321280 Unauthorized: /api/auth/admin/operators/
WARNING 2026-02-04 17:32:57,395 log 21 139907138321280 Unauthorized: /api/auth/admin/voter-stats-chart/
WARNING 2026-02-04 17:32:57,426 log 21 139907138321280 Unauthorized: /api/auth/admin/notifications/unread-count/
WARNING 2026-02-04 17:32:57,443 log 21 139907138321280 Unauthorized: /api/auth/admin/operators/
WARNING 2026-02-04 17:32:57,457 log 21 139907138321280 Unauthorized: /api/auth/admin/voter-stats-chart/
WARNING 2026-02-04 17:32:57,785 log 23 139907138321280 Unauthorized: /api/auth/admin/fraud-logs/
WARNING 2026-02-04 17:32:57,787 log 22 139907138321280 Unauthorized: /api/auth/admin/stats/
WARNING 2026-02-04 17:32:57,810 log 23 139907138321280 Unauthorized: /api/auth/admin/fraud-logs/
WARNING 2026-02-04 17:32:57,814 log 21 139907138321280 Unauthorized: /api/auth/admin/stats/
WARNING 2026-02-04 17:33:27,333 log 23 139907138321280 Unauthorized: /api/auth/admin/notifications/unread-count/
WARNING 2026-02-04 17:33:27,339 log 21 139907138321280 Unauthorized: /api/auth/admin/operators/
WARNING 2026-02-04 17:33:27,339 log 22 139907138321280 Unauthorized: /api/auth/admin/stats/
WARNING 2026-02-04 17:33:27,349 log 23 139907138321280 Unauthorized: /api/auth/admin/fraud-logs/
WARNING 2026-02-04 17:33:27,359 log 21 139907138321280 Unauthorized: /api/auth/admin/voter-stats-chart/
WARNING 2026-02-04 17:33:27,367 log 23 139907138321280 Unauthorized: /api/auth/admin/notifications/unread-count/
WARNING 2026-02-04 17:33:27,371 log 22 139907138321280 Unauthorized: /api/auth/admin/stats/
WARNING 2026-02-04 17:33:27,382 log 21 139907138321280 Unauthorized: /api/auth/admin/operators/
WARNING 2026-02-04 17:33:27,391 log 22 139907138321280 Unauthorized: /api/auth/admin/fraud-logs/
WARNING 2026-02-04 17:33:27,396 log 23 139907138321280 Unauthorized: /api/auth/admin/voter-stats-chart/
WARNING 2026-02-04 17:33:57,329 log 22 139907138321280 Unauthorized: /api/auth/admin/notifications/unread-count/
WARNING 2026-02-04 17:33:57,331 log 23 139907138321280 Unauthorized: /api/auth/admin/stats/
WARNING 2026-02-04 17:33:57,332 log 21 139907138321280 Unauthorized: /api/auth/admin/fraud-logs/
WARNING 2026-02-04 17:33:57,346 log 22 139907138321280 Unauthorized: /api/auth/admin/operators/
WARNING 2026-02-04 17:33:57,349 log 23 139907138321280 Unauthorized: /api/auth/admin/voter-stats-chart/
WARNING 2026-02-04 17:33:57,363 log 21 139907138321280 Unauthorized: /api/auth/admin/notifications/unread-count/
WARNING 2026-02-04 17:33:57,364 log 22 139907138321280 Unauthorized: /api/auth/admin/stats/
WARNING 2026-02-04 17:33:57,372 log 23 139907138321280 Unauthorized: /api/auth/admin/fraud-logs/
WARNING 2026-02-04 17:33:57,381 log 22 139907138321280 Unauthorized: /api/auth/admin/operators/
WARNING 2026-02-04 17:33:57,384 log 21 139907138321280 Unauthorized: /api/auth/admin/voter-stats-chart/
WARNING 2026-02-04 17:34:28,187 log 23 139907138321280 Unauthorized: /api/auth/admin/fraud-logs/
WARNING 2026-02-04 17:34:28,187 log 21 139907138321280 Unauthorized: /api/auth/admin/notifications/unread-count/
WARNING 2026-02-04 17:34:28,200 log 22 139907138321280 Unauthorized: /api/auth/admin/stats/
WARNING 2026-02-04 17:34:28,214 log 23 139907138321280 Unauthorized: /api/auth/admin/operators/
WARNING 2026-02-04 17:34:28,214 log 21 139907138321280 Unauthorized: /api/auth/admin/voter-stats-chart/
WARNING 2026-02-04 17:34:28,257 log 23 139907138321280 Unauthorized: /api/auth/admin/fraud-logs/
WARNING 2026-02-04 17:34:28,269 log 22 139907138321280 Unauthorized: /api/auth/admin/notifications/unread-count/
WARNING 2026-02-04 17:34:28,273 log 21 139907138321280 Unauthorized: /api/auth/admin/stats/
WARNING 2026-02-04 17:34:28,281 log 23 139907138321280 Unauthorized: /api/auth/admin/operators/
WARNING 2026-02-04 17:34:28,294 log 22 139907138321280 Unauthorized: /api/auth/admin/voter-stats-chart/
WARNING 2026-02-04 17:34:57,319 log 21 139907138321280 Unauthorized: /api/auth/admin/notifications/unread-count/
WARNING 2026-02-04 17:34:57,325 log 22 139907138321280 Unauthorized: /api/auth/admin/stats/
WARNING 2026-02-04 17:34:57,325 log 23 139907138321280 Unauthorized: /api/auth/admin/fraud-logs/
WARNING 2026-02-04 17:34:57,337 log 21 139907138321280 Unauthorized: /api/auth/admin/operators/
WARNING 2026-02-04 17:34:57,343 log 23 139907138321280 Unauthorized: /api/auth/admin/voter-stats-chart/
WARNING 2026-02-04 17:34:57,355 log 21 139907138321280 Unauthorized: /api/auth/admin/notifications/unread-count/
WARNING 2026-02-04 17:34:57,357 log 22 139907138321280 Unauthorized: /api/auth/admin/fraud-logs/
WARNING 2026-02-04 17:34:57,364 log 23 139907138321280 Unauthorized: /api/auth/admin/stats/
WARNING 2026-02-04 17:34:57,374 log 22 139907138321280 Unauthorized: /api/auth/admin/operators/
WARNING 2026-02-04 17:34:57,379 log 21 139907138321280 Unauthorized: /api/auth/admin/voter-stats-chart/
WARNING 2026-02-04 17:35:27,323 log 22 139907138321280 Unauthorized: /api/auth/admin/notifications/unread-count/
WARNING 2026-02-04 17:35:27,326 log 21 139907138321280 Unauthorized: /api/auth/admin/stats/
WARNING 2026-02-04 17:35:27,327 log 23 139907138321280 Unauthorized: /api/auth/admin/fraud-logs/
WARNING 2026-02-04 17:35:27,342 log 22 139907138321280 Unauthorized: /api/auth/admin/operators/
WARNING 2026-02-04 17:35:27,346 log 21 139907138321280 Unauthorized: /api/auth/admin/voter-stats-chart/
WARNING 2026-02-04 17:35:27,359 log 23 139907138321280 Unauthorized: /api/auth/admin/notifications/unread-count/
WARNING 2026-02-04 17:35:27,359 log 22 139907138321280 Unauthorized: /api/auth/admin/stats/
WARNING 2026-02-04 17:35:27,364 log 21 139907138321280 Unauthorized: /api/auth/admin/fraud-logs/
WARNING 2026-02-04 17:35:27,382 log 21 139907138321280 Unauthorized: /api/auth/admin/voter-stats-chart/
WARNING 2026-02-04 17:35:27,382 log 22 139907138321280 Unauthorized: /api/auth/admin/operators/
WARNING 2026-02-04 17:36:05,334 log 21 139907138321280 Unauthorized: /api/auth/admin/notifications/unread-count/
WARNING 2026-02-04 17:36:05,337 log 22 139907138321280 Unauthorized: /api/auth/admin/stats/
WARNING 2026-02-04 17:36:05,337 log 23 139907138321280 Unauthorized: /api/auth/admin/fraud-logs/
WARNING 2026-02-04 17:36:05,352 log 21 139907138321280 Unauthorized: /api/auth/admin/operators/
WARNING 2026-02-04 17:36:05,353 log 23 139907138321280 Unauthorized: /api/auth/admin/voter-stats-chart/
WARNING 2026-02-04 17:36:05,365 log 22 139907138321280 Unauthorized: /api/auth/admin/notifications/unread-count/
WARNING 2026-02-04 17:36:05,367 log 21 139907138321280 Unauthorized: /api/auth/admin/stats/
WARNING 2026-02-04 17:36:05,371 log 23 139907138321280 Unauthorized: /api/auth/admin/fraud-logs/
WARNING 2026-02-04 17:36:05,390 log 22 139907138321280 Unauthorized: /api/auth/admin/operators/
WARNING 2026-02-04 17:36:05,392 log 21 139907138321280 Unauthorized: /api/auth/admin/voter-stats-chart/
WARNING 2026-02-04 17:37:05,323 log 21 139907138321280 Unauthorized: /api/auth/admin/notifications/unread-count/
WARNING 2026-02-04 17:37:05,326 log 22 139907138321280 Unauthorized: /api/auth/admin/stats/
WARNING 2026-02-04 17:37:05,327 log 23 139907138321280 Unauthorized: /api/auth/admin/fraud-logs/
WARNING 2026-02-04 17:37:05,341 log 21 139907138321280 Unauthorized: /api/auth/admin/operators/
WARNING 2026-02-04 17:37:05,343 log 22 139907138321280 Unauthorized: /api/auth/admin/voter-stats-chart/
WARNING 2026-02-04 17:37:05,356 log 23 139907138321280 Unauthorized: /api/auth/admin/notifications/unread-count/
WARNING 2026-02-04 17:37:05,357 log 21 139907138321280 Unauthorized: /api/auth/admin/fraud-logs/
WARNING 2026-02-04 17:37:05,361 log 22 139907138321280 Unauthorized: /api/auth/admin/stats/
WARNING 2026-02-04 17:37:05,378 log 22 139907138321280 Unauthorized: /api/auth/admin/operators/
WARNING 2026-02-04 17:37:05,379 log 21 139907138321280 Unauthorized: /api/auth/admin/voter-stats-chart/
WARNING 2026-02-04 17:38:02,921 log 23 139907138321280 Unauthorized: /api/auth/admin/notifications/unread-count/
WARNING 2026-02-04 17:38:02,921 log 22 139907138321280 Unauthorized: /api/auth/admin/fraud-logs/
WARNING 2026-02-04 17:38:02,922 log 21 139907138321280 Unauthorized: /api/auth/admin/stats/
WARNING 2026-02-04 17:38:02,965 log 22 139907138321280 Unauthorized: /api/auth/admin/operators/
WARNING 2026-02-04 17:38:02,965 log 23 139907138321280 Unauthorized: /api/auth/admin/voter-stats-chart/
WARNING 2026-02-04 17:38:02,992 log 21 139907138321280 Unauthorized: /api/auth/admin/notifications/unread-count/
WARNING 2026-02-04 17:38:03,001 log 22 139907138321280 Unauthorized: /api/auth/admin/stats/
WARNING 2026-02-04 17:38:03,015 log 23 139907138321280 Unauthorized: /api/auth/admin/fraud-logs/
WARNING 2026-02-04 17:38:03,017 log 21 139907138321280 Unauthorized: /api/auth/admin/operators/
WARNING 2026-02-04 17:38:03,022 log 22 139907138321280 Unauthorized: /api/auth/admin/voter-stats-chart/
WARNING 2026-02-04 17:38:04,984 log 21 139907138321280 Unauthorized: /api/auth/current-user/
WARNING 2026-02-04 17:38:05,009 log 22 139907138321280 Unauthorized: /api/auth/current-user/
ERROR 2026-02-04 17:47:23,427 views 22 140453007715200 Heatmap error: Cannot resolve keyword 'booth_id' into field. Choices are: aadhaar_number, admin_id, created_at, date_of_birth, full_address, full_name, full_name_hindi, gender, has_voted, hour, id, mobile_number, operator_id, photo_base64, photo_url, verified_at
ERROR 2026-02-04 17:47:23,428 log 22 140453007715200 Internal Server Error: /api/auth/admin/heatmap-data/
ERROR 2026-02-04 17:47:24,751 views 23 140453007715200 Heatmap error: Cannot resolve keyword 'booth_id' into field. Choices are: aadhaar_number, admin_id, created_at, date_of_birth, full_address, full_name, full_name_hindi, gender, has_voted, hour, id, mobile_number, operator_id, photo_base64, photo_url, verified_at
ERROR 2026-02-04 17:47:24,753 log 23 140453007715200 Internal Server Error: /api/auth/admin/heatmap-data/
ERROR 2026-02-04 17:47:24,982 views 21 140453007715200 Heatmap error: Cannot resolve keyword 'booth_id' into field. Choices are: aadhaar_number, admin_id, created_at, date_of_birth, full_address, full_name, full_name_hindi, gender, has_voted, hour, id, mobile_number, operator_id, photo_base64, photo_url, verified_at
ERROR 2026-02-04 17:47:24,983 log 21 140453007715200 Internal Server Error: /api/auth/admin/heatmap-data/
ERROR 2026-02-04 17:47:25,121 views 22 140453007715200 Heatmap error: Cannot resolve keyword 'booth_id' into field. Choices are: aadhaar_number, admin_id, created_at, date_of_birth, full_address, full_name, full_name_hindi, gender, has_voted, hour, id, mobile_number, operator_id, photo_base64, photo_url, verified_at
ERROR 2026-02-04 17:47:25,122 log 22 140453007715200 Internal Server Error: /api/auth/admin/heatmap-data/
ERROR 2026-02-04 17:47:52,631 views 23 140453007715200 Heatmap error: Cannot resolve keyword 'booth_id' into field. Choices are: aadhaar_number, admin_id, created_at, date_of_birth, full_address, full_name, full_name_hindi, gender, has_voted, hour, id, mobile_number, operator_id, photo_base64, photo_url, verified_at
ERROR 2026-02-04 17:47:52,632 log 23 140453007715200 Internal Server Error: /api/auth/admin/heatmap-data/
ERROR 2026-02-04 17:47:54,621 views 23 140453007715200 Heatmap error: Cannot resolve keyword 'booth_id' into field. Choices are: aadhaar_number, admin_id, created_at, date_of_birth, full_address, full_name, full_name_hindi, gender, has_voted, hour, id, mobile_number, operator_id, photo_base64, photo_url, verified_at
ERROR 2026-02-04 17:47:54,622 log 23 140453007715200 Internal Server Error: /api/auth/admin/heatmap-data/
ERROR 2026-02-04 17:47:55,142 views 21 140453007715200 Heatmap error: Cannot resolve keyword 'booth_id' into field. Choices are: aadhaar_number, admin_id, created_at, date_of_birth, full_address, full_name, full_name_hindi, gender, has_voted, hour, id, mobile_number, operator_id, photo_base64, photo_url, verified_at
ERROR 2026-02-04 17:47:55,143 log 21 140453007715200 Internal Server Error: /api/auth/admin/heatmap-data/
ERROR 2026-02-04 17:48:00,008 views 22 140453007715200 Heatmap error: Cannot resolve keyword 'booth_id' into field. Choices are: aadhaar_number, admin_id, created_at, date_of_birth, full_address, full_name, full_name_hindi, gender, has_voted, hour, id, mobile_number, operator_id, photo_base64, photo_url, verified_at
ERROR 2026-02-04 17:48:00,009 log 22 140453007715200 Internal Server Error: /api/auth/admin/heatmap-data/
ERROR 2026-02-04 17:48:30,365 views 22 140453007715200 Heatmap error: Cannot resolve keyword 'booth_id' into field. Choices are: aadhaar_number, admin_id, created_at, date_of_birth, full_address, full_name, full_name_hindi, gender, has_voted, hour, id, mobile_number, operator_id, photo_base64, photo_url, verified_at
ERROR 2026-02-04 17:48:30,366 log 22 140453007715200 Internal Server Error: /api/auth/admin/heatmap-data/
ERROR 2026-02-04 17:49:00,359 views 22 140453007715200 Heatmap error: Cannot resolve keyword 'booth_id' into field. Choices are: aadhaar_number, admin_id, created_at, date_of_birth, full_address, full_name, full_name_hindi, gender, has_voted, hour, id, mobile_number, operator_id, photo_base64, photo_url, verified_at
ERROR 2026-02-04 17:49:00,361 log 22 140453007715200 Internal Server Error: /api/auth/admin/heatmap-data/
ERROR 2026-02-04 17:49:30,355 views 22 140453007715200 Heatmap error: Cannot resolve keyword 'booth_id' into field. Choices are: aadhaar_number, admin_id, created_at, date_of_birth, full_address, full_name, full_name_hindi, gender, has_voted, hour, id, mobile_number, operator_id, photo_base64, photo_url, verified_at
ERROR 2026-02-04 17:49:30,356 log 22 140453007715200 Internal Server Error: /api/auth/admin/heatmap-data/
ERROR 2026-02-04 17:50:00,359 views 21 140453007715200 Heatmap error: Cannot resolve keyword 'booth_id' into field. Choices are: aadhaar_number, admin_id, created_at, date_of_birth, full_address, full_name, full_name_hindi, gender, has_voted, hour, id, mobile_number, operator_id, photo_base64, photo_url, verified_at
ERROR 2026-02-04 17:50:00,360 log 21 140453007715200 Internal Server Error: /api/auth/admin/heatmap-data/
WARNING 2026-02-04 18:39:05,842 log 24 140432946543488 Unauthorized: /api/auth/admin/notifications/unread-count/
WARNING 2026-02-05 09:33:45,240 log 21 139786704866176 Unauthorized: /api/auth/current-user/
WARNING 2026-02-05 09:33:45,271 log 21 139786704866176 Unauthorized: /api/auth/current-user/
